<html>
<head>
<title>TestNG:  Surefire test</title>
<link href="../testng.css" rel="stylesheet" type="text/css" />
<link href="../my-testng.css" rel="stylesheet" type="text/css" />

<style type="text/css">
.log { display: none;} 
.stack-trace { display: none;} 
</style>
<script type="text/javascript">
<!--
function flip(e) {
  current = e.style.display;
  if (current == 'block') {
    e.style.display = 'none';
    return 0;
  }
  else {
    e.style.display = 'block';
    return 1;
  }
}

function toggleBox(szDivId, elem, msg1, msg2)
{
  var res = -1;  if (document.getElementById) {
    res = flip(document.getElementById(szDivId));
  }
  else if (document.all) {
    // this is the way old msie versions work
    res = flip(document.all[szDivId]);
  }
  if(elem) {
    if(res == 0) elem.innerHTML = msg1; else elem.innerHTML = msg2;
  }

}

function toggleAllBoxes() {
  if (document.getElementsByTagName) {
    d = document.getElementsByTagName('div');
    for (i = 0; i < d.length; i++) {
      if (d[i].className == 'log') {
        flip(d[i]);
      }
    }
  }
}

// -->
</script>

</head>
<body>
<h2 align='center'>Surefire test</h2><table border='1' align="center">
<tr>
<td>Tests passed/Failed/Skipped:</td><td>17/3/0</td>
</tr><tr>
<td>Started on:</td><td>Sun Sep 11 22:11:08 EET 2022</td>
</tr>
<tr><td>Total time:</td><td>202 seconds (202261 ms)</td>
</tr><tr>
<td>Included groups:</td><td></td>
</tr><tr>
<td>Excluded groups:</td><td></td>
</tr>
</table><p/>
<small><i>(Hover the method name to see the test class name)</i></small><p/>
<table width='100%' border='1' class='invocation-failed'>
<tr><td colspan='4' align='center'><b>FAILED TESTS</b></td></tr>
<tr><td><b>Test method</b></td>
<td width="30%"><b>Exception</b></td>
<td width="10%"><b>Time (seconds)</b></td>
<td><b>Instance</b></td>
</tr>
<tr>
<td title='org.example.testRunner.runners.runScenario()'><b>runScenario</b><br>Test class: org.example.testRunner.runners<br>Test method: Runs Cucumber Scenarios<br>Parameters: "Second slider is clickable on home page", "HomeSlider"</td>
<td><div><pre>java.lang.AssertionError: expected [https://demo.nopcommerce.com/iphone-6] but found [https://demo.nopcommerce.com/]
	at org.example.StepDefn.SD7_SliderStepDefn.sec_slider_Page(SD7_SliderStepDefn.java:47)
	at ?.User redirected to second slider URl(file:///E:/FWD/FWD%20workspace/EcommerceDemo/src/main/resources/Features/F7_HomeSilder.feature:11)
... Removed 6 stack frames</pre></div><a href='#' onClick='toggleBox("stack-trace1611714769", this, "Click to show all stack frames", "Click to hide stack frames")'>Click to show all stack frames</a>
<div class='stack-trace' id='stack-trace1611714769'><pre>java.lang.AssertionError: expected [https://demo.nopcommerce.com/iphone-6] but found [https://demo.nopcommerce.com/]
	at org.testng.Assert.fail(Assert.java:110)
	at org.testng.Assert.failNotEquals(Assert.java:1413)
	at org.testng.Assert.assertEqualsImpl(Assert.java:149)
	at org.testng.Assert.assertEquals(Assert.java:131)
	at org.testng.Assert.assertEquals(Assert.java:655)
	at org.testng.Assert.assertEquals(Assert.java:665)
	at org.example.StepDefn.SD7_SliderStepDefn.sec_slider_Page(SD7_SliderStepDefn.java:47)
	at ?.User redirected to second slider URl(file:///E:/FWD/FWD%20workspace/EcommerceDemo/src/main/resources/Features/F7_HomeSilder.feature:11)
</pre></div></td>
<td>11</td>
<td>org.example.testRunner.runners@42f93a98</td></tr>
<tr>
<td title='org.example.testRunner.runners.runScenario()'><b>runScenario</b><br>Test class: org.example.testRunner.runners<br>Test method: Runs Cucumber Scenarios<br>Parameters: "First slider is clickable on home page", "HomeSlider"</td>
<td><div><pre>java.lang.AssertionError: expected [https://demo.nopcommerce.com/nokia-lumia-1020] but found [https://demo.nopcommerce.com/]
	at org.example.StepDefn.SD7_SliderStepDefn.ft_slider_Page(SD7_SliderStepDefn.java:28)
	at ?.User redirected to first slider URl(file:///E:/FWD/FWD%20workspace/EcommerceDemo/src/main/resources/Features/F7_HomeSilder.feature:6)
... Removed 6 stack frames</pre></div><a href='#' onClick='toggleBox("stack-trace2025322501", this, "Click to show all stack frames", "Click to hide stack frames")'>Click to show all stack frames</a>
<div class='stack-trace' id='stack-trace2025322501'><pre>java.lang.AssertionError: expected [https://demo.nopcommerce.com/nokia-lumia-1020] but found [https://demo.nopcommerce.com/]
	at org.testng.Assert.fail(Assert.java:110)
	at org.testng.Assert.failNotEquals(Assert.java:1413)
	at org.testng.Assert.assertEqualsImpl(Assert.java:149)
	at org.testng.Assert.assertEquals(Assert.java:131)
	at org.testng.Assert.assertEquals(Assert.java:655)
	at org.testng.Assert.assertEquals(Assert.java:665)
	at org.example.StepDefn.SD7_SliderStepDefn.ft_slider_Page(SD7_SliderStepDefn.java:28)
	at ?.User redirected to first slider URl(file:///E:/FWD/FWD%20workspace/EcommerceDemo/src/main/resources/Features/F7_HomeSilder.feature:6)
</pre></div></td>
<td>9</td>
<td>org.example.testRunner.runners@42f93a98</td></tr>
<tr>
<td title='org.example.testRunner.runners.runScenario()'><b>runScenario</b><br>Test class: org.example.testRunner.runners<br>Test method: Runs Cucumber Scenarios<br>Parameters: "Follow  us on RSS", "Follow us"</td>
<td><div><pre>java.lang.AssertionError: expected [https://demo.nopcommerce.com/new-online-store-is-open] but found [https://demo.nopcommerce.com/news/rss/1]
	at org.example.StepDefn.SD8_FollowStepDefn.RSSPageOpenInNewTab(SD8_FollowStepDefn.java:67)
	at ?.&quot;https://demo.nopcommerce.com/new-online-store-is-open&quot; RSS page open in new tab(file:///E:/FWD/FWD%20workspace/EcommerceDemo/src/main/resources/Features/F8_FollowUs.feature:11)
... Removed 6 stack frames</pre></div><a href='#' onClick='toggleBox("stack-trace947069796", this, "Click to show all stack frames", "Click to hide stack frames")'>Click to show all stack frames</a>
<div class='stack-trace' id='stack-trace947069796'><pre>java.lang.AssertionError: expected [https://demo.nopcommerce.com/new-online-store-is-open] but found [https://demo.nopcommerce.com/news/rss/1]
	at org.testng.Assert.fail(Assert.java:110)
	at org.testng.Assert.failNotEquals(Assert.java:1413)
	at org.testng.Assert.assertEqualsImpl(Assert.java:149)
	at org.testng.Assert.assertEquals(Assert.java:131)
	at org.testng.Assert.assertEquals(Assert.java:655)
	at org.testng.Assert.assertEquals(Assert.java:665)
	at org.example.StepDefn.SD8_FollowStepDefn.RSSPageOpenInNewTab(SD8_FollowStepDefn.java:67)
	at ?.&quot;https://demo.nopcommerce.com/new-online-store-is-open&quot; RSS page open in new tab(file:///E:/FWD/FWD%20workspace/EcommerceDemo/src/main/resources/Features/F8_FollowUs.feature:11)
</pre></div></td>
<td>8</td>
<td>org.example.testRunner.runners@42f93a98</td></tr>
</table><p>
<table width='100%' border='1' class='invocation-passed'>
<tr><td colspan='4' align='center'><b>PASSED TESTS</b></td></tr>
<tr><td><b>Test method</b></td>
<td width="30%"><b>Exception</b></td>
<td width="10%"><b>Time (seconds)</b></td>
<td><b>Instance</b></td>
</tr>
<tr>
<td title='org.example.testRunner.runners.runScenario()'><b>runScenario</b><br>Test class: org.example.testRunner.runners<br>Test method: Runs Cucumber Scenarios<br>Parameters: "User add product to wishlist", "WishList"</td>
<td></td>
<td>7</td>
<td>org.example.testRunner.runners@42f93a98</td></tr>
<tr>
<td title='org.example.testRunner.runners.runScenario()'><b>runScenario</b><br>Test class: org.example.testRunner.runners<br>Test method: Runs Cucumber Scenarios<br>Parameters: "User open wishlist tab", "WishList"</td>
<td></td>
<td>12</td>
<td>org.example.testRunner.runners@42f93a98</td></tr>
<tr>
<td title='org.example.testRunner.runners.runScenario()'><b>runScenario</b><br>Test class: org.example.testRunner.runners<br>Test method: Runs Cucumber Scenarios<br>Parameters: "guest user could register with valid data successfully", "F01_Register | users could register with new accounts"</td>
<td></td>
<td>10</td>
<td>org.example.testRunner.runners@42f93a98</td></tr>
<tr>
<td title='org.example.testRunner.runners.runScenario()'><b>runScenario</b><br>Test class: org.example.testRunner.runners<br>Test method: Runs Cucumber Scenarios<br>Parameters: "User could search  with product name", "Logged-in user | search products"</td>
<td></td>
<td>8</td>
<td>org.example.testRunner.runners@42f93a98</td></tr>
<tr>
<td title='org.example.testRunner.runners.runScenario()'><b>runScenario</b><br>Test class: org.example.testRunner.runners<br>Test method: Runs Cucumber Scenarios<br>Parameters: "Follow  us on Youtube", "Follow us"</td>
<td></td>
<td>12</td>
<td>org.example.testRunner.runners@42f93a98</td></tr>
<tr>
<td title='org.example.testRunner.runners.runScenario()'><b>runScenario</b><br>Test class: org.example.testRunner.runners<br>Test method: Runs Cucumber Scenarios<br>Parameters: "Hover on one of main categories then select sub category", "Hover on  main categories then select sub category"</td>
<td></td>
<td>9</td>
<td>org.example.testRunner.runners@42f93a98</td></tr>
<tr>
<td title='org.example.testRunner.runners.runScenario()'><b>runScenario</b><br>Test class: org.example.testRunner.runners<br>Test method: Runs Cucumber Scenarios<br>Parameters: "User could search with product sku", "Logged-in user | search products"</td>
<td></td>
<td>12</td>
<td>org.example.testRunner.runners@42f93a98</td></tr>
<tr>
<td title='org.example.testRunner.runners.runScenario()'><b>runScenario</b><br>Test class: org.example.testRunner.runners<br>Test method: Runs Cucumber Scenarios<br>Parameters: "User change currency", "Change Currency"</td>
<td></td>
<td>8</td>
<td>org.example.testRunner.runners@42f93a98</td></tr>
<tr>
<td title='org.example.testRunner.runners.runScenario()'><b>runScenario</b><br>Test class: org.example.testRunner.runners<br>Test method: Runs Cucumber Scenarios<br>Parameters: "User could reset password successfully", "F3_Reset password"</td>
<td></td>
<td>9</td>
<td>org.example.testRunner.runners@42f93a98</td></tr>
<tr>
<td title='org.example.testRunner.runners.runScenario()'><b>runScenario</b><br>Test class: org.example.testRunner.runners<br>Test method: Runs Cucumber Scenarios<br>Parameters: "User could search  with product name", "Logged-in user | search products"</td>
<td></td>
<td>11</td>
<td>org.example.testRunner.runners@42f93a98</td></tr>
<tr>
<td title='org.example.testRunner.runners.runScenario()'><b>runScenario</b><br>Test class: org.example.testRunner.runners<br>Test method: Runs Cucumber Scenarios<br>Parameters: "Follow  us on Twitter", "Follow us"</td>
<td></td>
<td>9</td>
<td>org.example.testRunner.runners@42f93a98</td></tr>
<tr>
<td title='org.example.testRunner.runners.runScenario()'><b>runScenario</b><br>Test class: org.example.testRunner.runners<br>Test method: Runs Cucumber Scenarios<br>Parameters: "Follow  us on Facebook", "Follow us"</td>
<td></td>
<td>9</td>
<td>org.example.testRunner.runners@42f93a98</td></tr>
<tr>
<td title='org.example.testRunner.runners.runScenario()'><b>runScenario</b><br>Test class: org.example.testRunner.runners<br>Test method: Runs Cucumber Scenarios<br>Parameters: "User could search with product sku", "Logged-in user | search products"</td>
<td></td>
<td>11</td>
<td>org.example.testRunner.runners@42f93a98</td></tr>
<tr>
<td title='org.example.testRunner.runners.runScenario()'><b>runScenario</b><br>Test class: org.example.testRunner.runners<br>Test method: Runs Cucumber Scenarios<br>Parameters: "User could search with product sku", "Logged-in user | search products"</td>
<td></td>
<td>9</td>
<td>org.example.testRunner.runners@42f93a98</td></tr>
<tr>
<td title='org.example.testRunner.runners.runScenario()'><b>runScenario</b><br>Test class: org.example.testRunner.runners<br>Test method: Runs Cucumber Scenarios<br>Parameters: "user can't login with invaid  email and password", "F02_Login | users could use login functionality to use their accounts"</td>
<td></td>
<td>8</td>
<td>org.example.testRunner.runners@42f93a98</td></tr>
<tr>
<td title='org.example.testRunner.runners.runScenario()'><b>runScenario</b><br>Test class: org.example.testRunner.runners<br>Test method: Runs Cucumber Scenarios<br>Parameters: "User could search  with product name", "Logged-in user | search products"</td>
<td></td>
<td>11</td>
<td>org.example.testRunner.runners@42f93a98</td></tr>
<tr>
<td title='org.example.testRunner.runners.runScenario()'><b>runScenario</b><br>Test class: org.example.testRunner.runners<br>Test method: Runs Cucumber Scenarios<br>Parameters: "user could login with valid email and password", "F02_Login | users could use login functionality to use their accounts"</td>
<td></td>
<td>9</td>
<td>org.example.testRunner.runners@42f93a98</td></tr>
</table><p>
</body>
</html>