<?xml version="1.0" encoding="UTF-8"?>
<!-- Generated by org.testng.reporters.JUnitReportReporter -->
<testsuite skipped="0" hostname="DESKTOP-IT016EG" name="org.example.testRunner.runners" tests="20" failures="3" timestamp="2022-09-11T22:14:30 EET" time="201.604" errors="0">
  <testcase name="runScenario" time="7.299" classname="org.example.testRunner.runners"/>
  <system-out/>
  <testcase name="runScenario" time="12.923" classname="org.example.testRunner.runners"/>
  <system-out/>
  <testcase name="runScenario" time="11.102" classname="org.example.testRunner.runners">
    <failure type="java.lang.AssertionError" message="expected [https://demo.nopcommerce.com/iphone-6] but found [https://demo.nopcommerce.com/]">
      <![CDATA[java.lang.AssertionError: expected [https://demo.nopcommerce.com/iphone-6] but found [https://demo.nopcommerce.com/]
at org.testng.Assert.fail(Assert.java:110)
at org.testng.Assert.failNotEquals(Assert.java:1413)
at org.testng.Assert.assertEqualsImpl(Assert.java:149)
at org.testng.Assert.assertEquals(Assert.java:131)
at org.testng.Assert.assertEquals(Assert.java:655)
at org.testng.Assert.assertEquals(Assert.java:665)
at org.example.StepDefn.SD7_SliderStepDefn.sec_slider_Page(SD7_SliderStepDefn.java:47)
at ✽.User redirected to second slider URl(file:///E:/FWD/FWD%20workspace/EcommerceDemo/src/main/resources/Features/F7_HomeSilder.feature:11)
]]>
    </failure>
  </testcase> <!-- runScenario -->
  <system-out/>
  <testcase name="runScenario" time="10.615" classname="org.example.testRunner.runners"/>
  <system-out/>
  <testcase name="runScenario" time="8.276" classname="org.example.testRunner.runners"/>
  <system-out/>
  <testcase name="runScenario" time="12.432" classname="org.example.testRunner.runners"/>
  <system-out/>
  <testcase name="runScenario" time="9.658" classname="org.example.testRunner.runners"/>
  <system-out/>
  <testcase name="runScenario" time="12.064" classname="org.example.testRunner.runners"/>
  <system-out/>
  <testcase name="runScenario" time="8.178" classname="org.example.testRunner.runners"/>
  <system-out/>
  <testcase name="runScenario" time="9.392" classname="org.example.testRunner.runners"/>
  <system-out/>
  <testcase name="runScenario" time="11.745" classname="org.example.testRunner.runners"/>
  <system-out/>
  <testcase name="runScenario" time="9.990" classname="org.example.testRunner.runners"/>
  <system-out/>
  <testcase name="runScenario" time="9.455" classname="org.example.testRunner.runners">
    <failure type="java.lang.AssertionError" message="expected [https://demo.nopcommerce.com/nokia-lumia-1020] but found [https://demo.nopcommerce.com/]">
      <![CDATA[java.lang.AssertionError: expected [https://demo.nopcommerce.com/nokia-lumia-1020] but found [https://demo.nopcommerce.com/]
at org.testng.Assert.fail(Assert.java:110)
at org.testng.Assert.failNotEquals(Assert.java:1413)
at org.testng.Assert.assertEqualsImpl(Assert.java:149)
at org.testng.Assert.assertEquals(Assert.java:131)
at org.testng.Assert.assertEquals(Assert.java:655)
at org.testng.Assert.assertEquals(Assert.java:665)
at org.example.StepDefn.SD7_SliderStepDefn.ft_slider_Page(SD7_SliderStepDefn.java:28)
at ✽.User redirected to first slider URl(file:///E:/FWD/FWD%20workspace/EcommerceDemo/src/main/resources/Features/F7_HomeSilder.feature:6)
]]>
    </failure>
  </testcase> <!-- runScenario -->
  <system-out/>
  <testcase name="runScenario" time="9.364" classname="org.example.testRunner.runners"/>
  <system-out/>
  <testcase name="runScenario" time="11.656" classname="org.example.testRunner.runners"/>
  <system-out/>
  <testcase name="runScenario" time="9.944" classname="org.example.testRunner.runners"/>
  <system-out/>
  <testcase name="runScenario" time="8.084" classname="org.example.testRunner.runners">
    <failure type="java.lang.AssertionError" message="expected [https://demo.nopcommerce.com/new-online-store-is-open] but found [https://demo.nopcommerce.com/news/rss/1]">
      <![CDATA[java.lang.AssertionError: expected [https://demo.nopcommerce.com/new-online-store-is-open] but found [https://demo.nopcommerce.com/news/rss/1]
at org.testng.Assert.fail(Assert.java:110)
at org.testng.Assert.failNotEquals(Assert.java:1413)
at org.testng.Assert.assertEqualsImpl(Assert.java:149)
at org.testng.Assert.assertEquals(Assert.java:131)
at org.testng.Assert.assertEquals(Assert.java:655)
at org.testng.Assert.assertEquals(Assert.java:665)
at org.example.StepDefn.SD8_FollowStepDefn.RSSPageOpenInNewTab(SD8_FollowStepDefn.java:67)
at ✽."https://demo.nopcommerce.com/new-online-store-is-open" RSS page open in new tab(file:///E:/FWD/FWD%20workspace/EcommerceDemo/src/main/resources/Features/F8_FollowUs.feature:11)
]]>
    </failure>
  </testcase> <!-- runScenario -->
  <system-out/>
  <testcase name="runScenario" time="8.524" classname="org.example.testRunner.runners"/>
  <system-out/>
  <testcase name="runScenario" time="11.073" classname="org.example.testRunner.runners"/>
  <system-out/>
  <testcase name="runScenario" time="9.830" classname="org.example.testRunner.runners"/>
  <system-out/>
</testsuite> <!-- org.example.testRunner.runners -->
